[2016-07-03 16:04:36] local.ERROR: exception 'Symfony\Component\Debug\Exception\FatalErrorException' with message 'Maximum execution time of 30 seconds exceeded' in C:\xampp\htdocs\cashremmit\vendor\laravel\framework\src\Illuminate\Database\Connectors\Connector.php:55
Stack trace:
#0 {main}  
[2016-07-03 16:10:03] local.ERROR: exception 'Symfony\Component\Debug\Exception\FatalErrorException' with message 'Maximum execution time of 30 seconds exceeded' in C:\xampp\htdocs\cashremmit\app\Http\Controllers\API\UsersAPIController.php:121
Stack trace:
#0 {main}  
[2016-07-03 16:40:01] local.ERROR: exception 'Symfony\Component\Debug\Exception\FatalErrorException' with message 'Maximum execution time of 30 seconds exceeded' in C:\xampp\htdocs\cashremmit\vendor\laravel\framework\src\Illuminate\Database\Connectors\Connector.php:55
Stack trace:
#0 {main}  
[2016-07-04 04:40:51] local.ERROR: exception 'PDOException' with message 'SQLSTATE[42S02]: Base table or view not found: 1146 Table 'cashremit-infy.Users' doesn't exist' in /var/www/html/cashremmit/vendor/laravel/framework/src/Illuminate/Database/Connection.php:441
Stack trace:
#0 /var/www/html/cashremmit/vendor/laravel/framework/src/Illuminate/Database/Connection.php(441): PDO->prepare('insert into `Us...')
#1 /var/www/html/cashremmit/vendor/laravel/framework/src/Illuminate/Database/Connection.php(706): Illuminate\Database\Connection->Illuminate\Database\{closure}(Object(Illuminate\Database\MySqlConnection), 'insert into `Us...', Array)
#2 /var/www/html/cashremmit/vendor/laravel/framework/src/Illuminate/Database/Connection.php(669): Illuminate\Database\Connection->runQueryCallback('insert into `Us...', Array, Object(Closure))
#3 /var/www/html/cashremmit/vendor/laravel/framework/src/Illuminate/Database/Connection.php(442): Illuminate\Database\Connection->run('insert into `Us...', Array, Object(Closure))
#4 /var/www/html/cashremmit/vendor/laravel/framework/src/Illuminate/Database/Connection.php(398): Illuminate\Database\Connection->statement('insert into `Us...', Array)
#5 /var/www/html/cashremmit/vendor/laravel/framework/src/Illuminate/Database/Query/Processors/Processor.php(32): Illuminate\Database\Connection->insert('insert into `Us...', Array)
#6 /var/www/html/cashremmit/vendor/laravel/framework/src/Illuminate/Database/Query/Builder.php(2055): Illuminate\Database\Query\Processors\Processor->processInsertGetId(Object(Illuminate\Database\Query\Builder), 'insert into `Us...', Array, 'id')
#7 [internal function]: Illuminate\Database\Query\Builder->insertGetId(Array, 'id')
#8 /var/www/html/cashremmit/vendor/laravel/framework/src/Illuminate/Database/Eloquent/Builder.php(1399): call_user_func_array(Array, Array)
#9 /var/www/html/cashremmit/vendor/laravel/framework/src/Illuminate/Database/Eloquent/Model.php(1628): Illuminate\Database\Eloquent\Builder->__call('insertGetId', Array)
#10 /var/www/html/cashremmit/vendor/laravel/framework/src/Illuminate/Database/Eloquent/Model.php(1628): Illuminate\Database\Eloquent\Builder->insertGetId(Array, 'id')
#11 /var/www/html/cashremmit/vendor/laravel/framework/src/Illuminate/Database/Eloquent/Model.php(1597): Illuminate\Database\Eloquent\Model->insertAndSetId(Object(Illuminate\Database\Eloquent\Builder), Array)
#12 /var/www/html/cashremmit/vendor/laravel/framework/src/Illuminate/Database/Eloquent/Model.php(1488): Illuminate\Database\Eloquent\Model->performInsert(Object(Illuminate\Database\Eloquent\Builder), Array)
#13 /var/www/html/cashremmit/vendor/laravel/framework/src/Illuminate/Database/Eloquent/Model.php(574): Illuminate\Database\Eloquent\Model->save()
#14 /var/www/html/cashremmit/app/Http/Controllers/API/UsersAPIController.php(24): Illuminate\Database\Eloquent\Model::create(Array)
#15 [internal function]: App\Http\Controllers\API\UsersAPIController->store(Object(Illuminate\Http\Request))
#16 /var/www/html/cashremmit/vendor/laravel/framework/src/Illuminate/Routing/Controller.php(80): call_user_func_array(Array, Array)
#17 /var/www/html/cashremmit/vendor/laravel/framework/src/Illuminate/Routing/ControllerDispatcher.php(146): Illuminate\Routing\Controller->callAction('store', Array)
#18 /var/www/html/cashremmit/vendor/laravel/framework/src/Illuminate/Routing/ControllerDispatcher.php(94): Illuminate\Routing\ControllerDispatcher->call(Object(App\Http\Controllers\API\UsersAPIController), Object(Illuminate\Routing\Route), 'store')
#19 [internal function]: Illuminate\Routing\ControllerDispatcher->Illuminate\Routing\{closure}(Object(Illuminate\Http\Request))
#20 /var/www/html/cashremmit/vendor/laravel/framework/src/Illuminate/Routing/Pipeline.php(52): call_user_func(Object(Closure), Object(Illuminate\Http\Request))
#21 [internal function]: Illuminate\Routing\Pipeline->Illuminate\Routing\{closure}(Object(Illuminate\Http\Request))
#22 /var/www/html/cashremmit/vendor/laravel/framework/src/Illuminate/Pipeline/Pipeline.php(103): call_user_func(Object(Closure), Object(Illuminate\Http\Request))
#23 /var/www/html/cashremmit/vendor/laravel/framework/src/Illuminate/Routing/ControllerDispatcher.php(96): Illuminate\Pipeline\Pipeline->then(Object(Closure))
#24 /var/www/html/cashremmit/vendor/laravel/framework/src/Illuminate/Routing/ControllerDispatcher.php(54): Illuminate\Routing\ControllerDispatcher->callWithinStack(Object(App\Http\Controllers\API\UsersAPIController), Object(Illuminate\Routing\Route), Object(Illuminate\Http\Request), 'store')
#25 /var/www/html/cashremmit/vendor/laravel/framework/src/Illuminate/Routing/Route.php(174): Illuminate\Routing\ControllerDispatcher->dispatch(Object(Illuminate\Routing\Route), Object(Illuminate\Http\Request), 'App\\Http\\Contro...', 'store')
#26 /var/www/html/cashremmit/vendor/laravel/framework/src/Illuminate/Routing/Route.php(140): Illuminate\Routing\Route->runController(Object(Illuminate\Http\Request))
#27 /var/www/html/cashremmit/vendor/laravel/framework/src/Illuminate/Routing/Router.php(724): Illuminate\Routing\Route->run(Object(Illuminate\Http\Request))
#28 [internal function]: Illuminate\Routing\Router->Illuminate\Routing\{closure}(Object(Illuminate\Http\Request))
#29 /var/www/html/cashremmit/vendor/laravel/framework/src/Illuminate/Routing/Pipeline.php(52): call_user_func(Object(Closure), Object(Illuminate\Http\Request))
#30 [internal function]: Illuminate\Routing\Pipeline->Illuminate\Routing\{closure}(Object(Illuminate\Http\Request))
#31 /var/www/html/cashremmit/vendor/laravel/framework/src/Illuminate/Pipeline/Pipeline.php(103): call_user_func(Object(Closure), Object(Illuminate\Http\Request))
#32 /var/www/html/cashremmit/vendor/laravel/framework/src/Illuminate/Routing/Router.php(726): Illuminate\Pipeline\Pipeline->then(Object(Closure))
#33 /var/www/html/cashremmit/vendor/laravel/framework/src/Illuminate/Routing/Router.php(699): Illuminate\Routing\Router->runRouteWithinStack(Object(Illuminate\Routing\Route), Object(Illuminate\Http\Request))
#34 /var/www/html/cashremmit/vendor/laravel/framework/src/Illuminate/Routing/Router.php(675): Illuminate\Routing\Router->dispatchToRoute(Object(Illuminate\Http\Request))
#35 /var/www/html/cashremmit/vendor/laravel/framework/src/Illuminate/Foundation/Http/Kernel.php(246): Illuminate\Routing\Router->dispatch(Object(Illuminate\Http\Request))
#36 [internal function]: Illuminate\Foundation\Http\Kernel->Illuminate\Foundation\Http\{closure}(Object(Illuminate\Http\Request))
#37 /var/www/html/cashremmit/vendor/laravel/framework/src/Illuminate/Routing/Pipeline.php(52): call_user_func(Object(Closure), Object(Illuminate\Http\Request))
#38 /var/www/html/cashremmit/vendor/laravel/framework/src/Illuminate/Foundation/Http/Middleware/CheckForMaintenanceMode.php(44): Illuminate\Routing\Pipeline->Illuminate\Routing\{closure}(Object(Illuminate\Http\Request))
#39 [internal function]: Illuminate\Foundation\Http\Middleware\CheckForMaintenanceMode->handle(Object(Illuminate\Http\Request), Object(Closure))
#40 /var/www/html/cashremmit/vendor/laravel/framework/src/Illuminate/Pipeline/Pipeline.php(136): call_user_func_array(Array, Array)
#41 [internal function]: Illuminate\Pipeline\Pipeline->Illuminate\Pipeline\{closure}(Object(Illuminate\Http\Request))
#42 /var/www/html/cashremmit/vendor/laravel/framework/src/Illuminate/Routing/Pipeline.php(32): call_user_func(Object(Closure), Object(Illuminate\Http\Request))
#43 [internal function]: Illuminate\Routing\Pipeline->Illuminate\Routing\{closure}(Object(Illuminate\Http\Request))
#44 /var/www/html/cashremmit/vendor/laravel/framework/src/Illuminate/Pipeline/Pipeline.php(103): call_user_func(Object(Closure), Object(Illuminate\Http\Request))
#45 /var/www/html/cashremmit/vendor/laravel/framework/src/Illuminate/Foundation/Http/Kernel.php(132): Illuminate\Pipeline\Pipeline->then(Object(Closure))
#46 /var/www/html/cashremmit/vendor/laravel/framework/src/Illuminate/Foundation/Http/Kernel.php(99): Illuminate\Foundation\Http\Kernel->sendRequestThroughRouter(Object(Illuminate\Http\Request))
#47 /var/www/html/cashremmit/public/index.php(54): Illuminate\Foundation\Http\Kernel->handle(Object(Illuminate\Http\Request))
#48 {main}

Next exception 'Illuminate\Database\QueryException' with message 'SQLSTATE[42S02]: Base table or view not found: 1146 Table 'cashremit-infy.Users' doesn't exist (SQL: insert into `Users` (`first_name`, `last_name`, `email`, `password`, `updated_at`, `created_at`) values (SSs, ssss, ss.ss@ss.ss, pwd, 2016-07-04 04:40:51, 2016-07-04 04:40:51))' in /var/www/html/cashremmit/vendor/laravel/framework/src/Illuminate/Database/Connection.php:713
Stack trace:
#0 /var/www/html/cashremmit/vendor/laravel/framework/src/Illuminate/Database/Connection.php(669): Illuminate\Database\Connection->runQueryCallback('insert into `Us...', Array, Object(Closure))
#1 /var/www/html/cashremmit/vendor/laravel/framework/src/Illuminate/Database/Connection.php(442): Illuminate\Database\Connection->run('insert into `Us...', Array, Object(Closure))
#2 /var/www/html/cashremmit/vendor/laravel/framework/src/Illuminate/Database/Connection.php(398): Illuminate\Database\Connection->statement('insert into `Us...', Array)
#3 /var/www/html/cashremmit/vendor/laravel/framework/src/Illuminate/Database/Query/Processors/Processor.php(32): Illuminate\Database\Connection->insert('insert into `Us...', Array)
#4 /var/www/html/cashremmit/vendor/laravel/framework/src/Illuminate/Database/Query/Builder.php(2055): Illuminate\Database\Query\Processors\Processor->processInsertGetId(Object(Illuminate\Database\Query\Builder), 'insert into `Us...', Array, 'id')
#5 [internal function]: Illuminate\Database\Query\Builder->insertGetId(Array, 'id')
#6 /var/www/html/cashremmit/vendor/laravel/framework/src/Illuminate/Database/Eloquent/Builder.php(1399): call_user_func_array(Array, Array)
#7 /var/www/html/cashremmit/vendor/laravel/framework/src/Illuminate/Database/Eloquent/Model.php(1628): Illuminate\Database\Eloquent\Builder->__call('insertGetId', Array)
#8 /var/www/html/cashremmit/vendor/laravel/framework/src/Illuminate/Database/Eloquent/Model.php(1628): Illuminate\Database\Eloquent\Builder->insertGetId(Array, 'id')
#9 /var/www/html/cashremmit/vendor/laravel/framework/src/Illuminate/Database/Eloquent/Model.php(1597): Illuminate\Database\Eloquent\Model->insertAndSetId(Object(Illuminate\Database\Eloquent\Builder), Array)
#10 /var/www/html/cashremmit/vendor/laravel/framework/src/Illuminate/Database/Eloquent/Model.php(1488): Illuminate\Database\Eloquent\Model->performInsert(Object(Illuminate\Database\Eloquent\Builder), Array)
#11 /var/www/html/cashremmit/vendor/laravel/framework/src/Illuminate/Database/Eloquent/Model.php(574): Illuminate\Database\Eloquent\Model->save()
#12 /var/www/html/cashremmit/app/Http/Controllers/API/UsersAPIController.php(24): Illuminate\Database\Eloquent\Model::create(Array)
#13 [internal function]: App\Http\Controllers\API\UsersAPIController->store(Object(Illuminate\Http\Request))
#14 /var/www/html/cashremmit/vendor/laravel/framework/src/Illuminate/Routing/Controller.php(80): call_user_func_array(Array, Array)
#15 /var/www/html/cashremmit/vendor/laravel/framework/src/Illuminate/Routing/ControllerDispatcher.php(146): Illuminate\Routing\Controller->callAction('store', Array)
#16 /var/www/html/cashremmit/vendor/laravel/framework/src/Illuminate/Routing/ControllerDispatcher.php(94): Illuminate\Routing\ControllerDispatcher->call(Object(App\Http\Controllers\API\UsersAPIController), Object(Illuminate\Routing\Route), 'store')
#17 [internal function]: Illuminate\Routing\ControllerDispatcher->Illuminate\Routing\{closure}(Object(Illuminate\Http\Request))
#18 /var/www/html/cashremmit/vendor/laravel/framework/src/Illuminate/Routing/Pipeline.php(52): call_user_func(Object(Closure), Object(Illuminate\Http\Request))
#19 [internal function]: Illuminate\Routing\Pipeline->Illuminate\Routing\{closure}(Object(Illuminate\Http\Request))
#20 /var/www/html/cashremmit/vendor/laravel/framework/src/Illuminate/Pipeline/Pipeline.php(103): call_user_func(Object(Closure), Object(Illuminate\Http\Request))
#21 /var/www/html/cashremmit/vendor/laravel/framework/src/Illuminate/Routing/ControllerDispatcher.php(96): Illuminate\Pipeline\Pipeline->then(Object(Closure))
#22 /var/www/html/cashremmit/vendor/laravel/framework/src/Illuminate/Routing/ControllerDispatcher.php(54): Illuminate\Routing\ControllerDispatcher->callWithinStack(Object(App\Http\Controllers\API\UsersAPIController), Object(Illuminate\Routing\Route), Object(Illuminate\Http\Request), 'store')
#23 /var/www/html/cashremmit/vendor/laravel/framework/src/Illuminate/Routing/Route.php(174): Illuminate\Routing\ControllerDispatcher->dispatch(Object(Illuminate\Routing\Route), Object(Illuminate\Http\Request), 'App\\Http\\Contro...', 'store')
#24 /var/www/html/cashremmit/vendor/laravel/framework/src/Illuminate/Routing/Route.php(140): Illuminate\Routing\Route->runController(Object(Illuminate\Http\Request))
#25 /var/www/html/cashremmit/vendor/laravel/framework/src/Illuminate/Routing/Router.php(724): Illuminate\Routing\Route->run(Object(Illuminate\Http\Request))
#26 [internal function]: Illuminate\Routing\Router->Illuminate\Routing\{closure}(Object(Illuminate\Http\Request))
#27 /var/www/html/cashremmit/vendor/laravel/framework/src/Illuminate/Routing/Pipeline.php(52): call_user_func(Object(Closure), Object(Illuminate\Http\Request))
#28 [internal function]: Illuminate\Routing\Pipeline->Illuminate\Routing\{closure}(Object(Illuminate\Http\Request))
#29 /var/www/html/cashremmit/vendor/laravel/framework/src/Illuminate/Pipeline/Pipeline.php(103): call_user_func(Object(Closure), Object(Illuminate\Http\Request))
#30 /var/www/html/cashremmit/vendor/laravel/framework/src/Illuminate/Routing/Router.php(726): Illuminate\Pipeline\Pipeline->then(Object(Closure))
#31 /var/www/html/cashremmit/vendor/laravel/framework/src/Illuminate/Routing/Router.php(699): Illuminate\Routing\Router->runRouteWithinStack(Object(Illuminate\Routing\Route), Object(Illuminate\Http\Request))
#32 /var/www/html/cashremmit/vendor/laravel/framework/src/Illuminate/Routing/Router.php(675): Illuminate\Routing\Router->dispatchToRoute(Object(Illuminate\Http\Request))
#33 /var/www/html/cashremmit/vendor/laravel/framework/src/Illuminate/Foundation/Http/Kernel.php(246): Illuminate\Routing\Router->dispatch(Object(Illuminate\Http\Request))
#34 [internal function]: Illuminate\Foundation\Http\Kernel->Illuminate\Foundation\Http\{closure}(Object(Illuminate\Http\Request))
#35 /var/www/html/cashremmit/vendor/laravel/framework/src/Illuminate/Routing/Pipeline.php(52): call_user_func(Object(Closure), Object(Illuminate\Http\Request))
#36 /var/www/html/cashremmit/vendor/laravel/framework/src/Illuminate/Foundation/Http/Middleware/CheckForMaintenanceMode.php(44): Illuminate\Routing\Pipeline->Illuminate\Routing\{closure}(Object(Illuminate\Http\Request))
#37 [internal function]: Illuminate\Foundation\Http\Middleware\CheckForMaintenanceMode->handle(Object(Illuminate\Http\Request), Object(Closure))
#38 /var/www/html/cashremmit/vendor/laravel/framework/src/Illuminate/Pipeline/Pipeline.php(136): call_user_func_array(Array, Array)
#39 [internal function]: Illuminate\Pipeline\Pipeline->Illuminate\Pipeline\{closure}(Object(Illuminate\Http\Request))
#40 /var/www/html/cashremmit/vendor/laravel/framework/src/Illuminate/Routing/Pipeline.php(32): call_user_func(Object(Closure), Object(Illuminate\Http\Request))
#41 [internal function]: Illuminate\Routing\Pipeline->Illuminate\Routing\{closure}(Object(Illuminate\Http\Request))
#42 /var/www/html/cashremmit/vendor/laravel/framework/src/Illuminate/Pipeline/Pipeline.php(103): call_user_func(Object(Closure), Object(Illuminate\Http\Request))
#43 /var/www/html/cashremmit/vendor/laravel/framework/src/Illuminate/Foundation/Http/Kernel.php(132): Illuminate\Pipeline\Pipeline->then(Object(Closure))
#44 /var/www/html/cashremmit/vendor/laravel/framework/src/Illuminate/Foundation/Http/Kernel.php(99): Illuminate\Foundation\Http\Kernel->sendRequestThroughRouter(Object(Illuminate\Http\Request))
#45 /var/www/html/cashremmit/public/index.php(54): Illuminate\Foundation\Http\Kernel->handle(Object(Illuminate\Http\Request))
#46 {main}  
